

***********************************************************************
Fatal NI connect error 12514, connecting to:
 (DESCRIPTION=(CONNECT_DATA=(SERVICE_NAME=oraclety)(CID=(PROGRAM=D:\centit\Controls\DataBase\Execute\DataMove.exe)(HOST=CODEFANPC)(USER=codefan)))(ADDRESS=(PROTOCOL=TCP)(HOST=192.168.1.78)(PORT=1521)))

  VERSION INFORMATION:
	TNS for 32-bit Windows: Version 10.2.0.1.0 - Production
	Windows NT TCP/IP NT Protocol Adapter for 32-bit Windows: Version 10.2.0.1.0 - Production
  Time: 22-12月-2011 10:03:51
  Tracing not turned on.
  Tns error struct:
    ns main err code: 12564
    TNS-12564: TNS: 拒绝连接
    ns secondary err code: 0
    nt main err code: 0
    nt secondary err code: 0
    nt OS err code: 0


***********************************************************************
Fatal NI connect error 12170.

  VERSION INFORMATION:
	TNS for 32-bit Windows: Version 10.2.0.1.0 - Production
	Windows NT TCP/IP NT Protocol Adapter for 32-bit Windows: Version 10.2.0.1.0 - Production
  Time: 09-5月 -2012 17:19:46
  Tracing not turned on.
  Tns error struct:
    ns main err code: 12535
    TNS-12535: TNS: 操作超时
    ns secondary err code: 12560
    nt main err code: 505
    TNS-00505: 操作超时
    nt secondary err code: 60
    nt OS err code: 0
  Client address: <unknown>
